<?xml version="1.0" encoding="UTF-8"?>
<testng-results skipped="0" failed="1" total="4" passed="3">
  <reporter-output>
  </reporter-output>
  <suite name="Default suite" duration-ms="51" started-at="2014-09-01T14:56:37Z" finished-at="2014-09-01T14:56:37Z">
    <groups>
    </groups>
    <test name="Default test" duration-ms="51" started-at="2014-09-01T14:56:37Z" finished-at="2014-09-01T14:56:37Z">
      <class name="DemoGit.Demo.StringTest">
        <test-method status="PASS" signature="startTest()[pri:0, instance:DemoGit.Demo.StringTest@14a7090]" name="startTest" is-config="true" duration-ms="9" started-at="2014-09-01T07:56:37Z" finished-at="2014-09-01T07:56:37Z">
          <reporter-output>
          </reporter-output>
        </test-method> <!-- startTest -->
        <test-method status="PASS" signature="testConcatenate()[pri:0, instance:DemoGit.Demo.StringTest@14a7090]" name="testConcatenate" duration-ms="13" started-at="2014-09-01T07:56:37Z" finished-at="2014-09-01T07:56:37Z">
          <reporter-output>
          </reporter-output>
        </test-method> <!-- testConcatenate -->
        <test-method status="FAIL" signature="testEqualsMethod()[pri:0, instance:DemoGit.Demo.StringTest@14a7090]" name="testEqualsMethod" duration-ms="2" started-at="2014-09-01T07:56:37Z" finished-at="2014-09-01T07:56:37Z">
          <exception class="java.lang.AssertionError">
            <message>
              <![CDATA[expected:<true> but was:<false>]]>
            </message>
            <full-stacktrace>
              <![CDATA[java.lang.AssertionError: expected:<true> but was:<false>
	at org.testng.AssertJUnit.fail(AssertJUnit.java:59)
	at org.testng.AssertJUnit.failNotEquals(AssertJUnit.java:364)
	at org.testng.AssertJUnit.assertEquals(AssertJUnit.java:80)
	at org.testng.AssertJUnit.assertEquals(AssertJUnit.java:185)
	at org.testng.AssertJUnit.assertEquals(AssertJUnit.java:192)
	at DemoGit.Demo.StringTest.testEqualsMethod(StringTest.java:36)
	at sun.reflect.NativeMethodAccessorImpl.invoke0(Native Method)
	at sun.reflect.NativeMethodAccessorImpl.invoke(Unknown Source)
	at sun.reflect.DelegatingMethodAccessorImpl.invoke(Unknown Source)
	at java.lang.reflect.Method.invoke(Unknown Source)
	at org.testng.internal.MethodInvocationHelper.invokeMethod(MethodInvocationHelper.java:84)
	at org.testng.internal.Invoker.invokeMethod(Invoker.java:714)
	at org.testng.internal.Invoker.invokeTestMethod(Invoker.java:901)
	at org.testng.internal.Invoker.invokeTestMethods(Invoker.java:1231)
	at org.testng.internal.TestMethodWorker.invokeTestMethods(TestMethodWorker.java:127)
	at org.testng.internal.TestMethodWorker.run(TestMethodWorker.java:111)
	at org.testng.TestRunner.privateRun(TestRunner.java:767)
	at org.testng.TestRunner.run(TestRunner.java:617)
	at org.testng.SuiteRunner.runTest(SuiteRunner.java:334)
	at org.testng.SuiteRunner.runSequentially(SuiteRunner.java:329)
	at org.testng.SuiteRunner.privateRun(SuiteRunner.java:291)
	at org.testng.SuiteRunner.run(SuiteRunner.java:240)
	at org.testng.SuiteRunnerWorker.runSuite(SuiteRunnerWorker.java:52)
	at org.testng.SuiteRunnerWorker.run(SuiteRunnerWorker.java:86)
	at org.testng.TestNG.runSuitesSequentially(TestNG.java:1224)
	at org.testng.TestNG.runSuitesLocally(TestNG.java:1149)
	at org.testng.TestNG.run(TestNG.java:1057)
	at org.testng.remote.RemoteTestNG.run(RemoteTestNG.java:111)
	at org.testng.remote.RemoteTestNG.initAndRun(RemoteTestNG.java:204)
	at org.testng.remote.RemoteTestNG.main(RemoteTestNG.java:175)
]]>
            </full-stacktrace>
          </exception> <!-- java.lang.AssertionError -->
          <reporter-output>
          </reporter-output>
        </test-method> <!-- testEqualsMethod -->
        <test-method status="PASS" signature="testSubStringMethod()[pri:0, instance:DemoGit.Demo.StringTest@14a7090]" name="testSubStringMethod" duration-ms="1" started-at="2014-09-01T07:56:37Z" finished-at="2014-09-01T07:56:37Z">
          <reporter-output>
          </reporter-output>
        </test-method> <!-- testSubStringMethod -->
        <test-method status="PASS" signature="testToLowerCaseMethod()[pri:0, instance:DemoGit.Demo.StringTest@14a7090]" name="testToLowerCaseMethod" duration-ms="0" started-at="2014-09-01T07:56:37Z" finished-at="2014-09-01T07:56:37Z">
          <reporter-output>
          </reporter-output>
        </test-method> <!-- testToLowerCaseMethod -->
      </class> <!-- DemoGit.Demo.StringTest -->
    </test> <!-- Default test -->
  </suite> <!-- Default suite -->
</testng-results>
